Compiling the C compiler identification source file "CMakeCCompilerId.c" failed.
Compiler:  
Build flags: 
Id flags:  

The output was:
1
Microsoft (R) Build Engine версии 14.0.25420.1
(C) Корпорация Майкрософт (Microsoft Corporation). Все права защищены.

Сборка начата 22.04.2021 23:33:28.
Проект "C:\Users\zyukov_al\Documents\GitRepos\StudentsStorage\build\CMakeFiles\3.20.1\CompilerIdC\CompilerIdC.vcxproj" в узле 1 (целевые объекты по умолчанию).
PrepareForBuild:
  Создание каталога "Debug\".
  Создание каталога "Debug\CompilerIdC.tlog\".
InitializeBuildStatus:
  Создание "Debug\CompilerIdC.tlog\unsuccessfulbuild", так как было задано "AlwaysCreate".
ClCompile:
  CL.exe /c /nologo /W0 /WX- /Od /Oy- /D _MBCS /Gm- /EHsc /RTC1 /MDd /GS /fp:precise /Zc:wchar_t /Zc:forScope /Zc:inline /Fo"Debug\\" /Fd"Debug\vc140.pdb" /Gd /TC /analyze- /errorReport:queue CMakeCCompilerId.c
TRACKER : error TRK0005: не удалось обнаружить "CL.exe". Не удается найти указанный файл. [C:\Users\zyukov_al\Documents\GitRepos\StudentsStorage\build\CMakeFiles\3.20.1\CompilerIdC\CompilerIdC.vcxproj]
  
  
Сборка проекта "C:\Users\zyukov_al\Documents\GitRepos\StudentsStorage\build\CMakeFiles\3.20.1\CompilerIdC\CompilerIdC.vcxproj" завершена (целевые объекты по умолчанию) с ошибкой.

Ошибка сборки.

"C:\Users\zyukov_al\Documents\GitRepos\StudentsStorage\build\CMakeFiles\3.20.1\CompilerIdC\CompilerIdC.vcxproj" (целевой объект по умолчанию) (1) ->
(Целевой объект ClCompile) -> 
  TRACKER : error TRK0005: не удалось обнаружить "CL.exe". Не удается найти указанный файл. [C:\Users\zyukov_al\Documents\GitRepos\StudentsStorage\build\CMakeFiles\3.20.1\CompilerIdC\CompilerIdC.vcxproj]

    Предупреждений: 0
    Ошибок: 1

Затраченное время: 00:00:00.42


Compiling the C compiler identification source file "CMakeCCompilerId.c" failed.
Compiler:  
Build flags: 
Id flags:  

The output was:
1
Microsoft (R) Build Engine версии 14.0.25420.1
(C) Корпорация Майкрософт (Microsoft Corporation). Все права защищены.

Сборка начата 22.04.2021 23:33:29.
Проект "C:\Users\zyukov_al\Documents\GitRepos\StudentsStorage\build\CMakeFiles\3.20.1\CompilerIdC\CompilerIdC.vcxproj" в узле 1 (целевые объекты по умолчанию).
PrepareForBuild:
  Создание каталога "Debug\".
  Создание каталога "Debug\CompilerIdC.tlog\".
InitializeBuildStatus:
  Создание "Debug\CompilerIdC.tlog\unsuccessfulbuild", так как было задано "AlwaysCreate".
ClCompile:
  CL.exe /c /nologo /W0 /WX- /Od /Oy- /D _MBCS /Gm- /EHsc /RTC1 /MDd /GS /fp:precise /Zc:wchar_t /Zc:forScope /Zc:inline /Fo"Debug\\" /Fd"Debug\vc140.pdb" /Gd /TC /analyze- /errorReport:queue CMakeCCompilerId.c
TRACKER : error TRK0005: не удалось обнаружить "CL.exe". Не удается найти указанный файл. [C:\Users\zyukov_al\Documents\GitRepos\StudentsStorage\build\CMakeFiles\3.20.1\CompilerIdC\CompilerIdC.vcxproj]
  
  
Сборка проекта "C:\Users\zyukov_al\Documents\GitRepos\StudentsStorage\build\CMakeFiles\3.20.1\CompilerIdC\CompilerIdC.vcxproj" завершена (целевые объекты по умолчанию) с ошибкой.

Ошибка сборки.

"C:\Users\zyukov_al\Documents\GitRepos\StudentsStorage\build\CMakeFiles\3.20.1\CompilerIdC\CompilerIdC.vcxproj" (целевой объект по умолчанию) (1) ->
(Целевой объект ClCompile) -> 
  TRACKER : error TRK0005: не удалось обнаружить "CL.exe". Не удается найти указанный файл. [C:\Users\zyukov_al\Documents\GitRepos\StudentsStorage\build\CMakeFiles\3.20.1\CompilerIdC\CompilerIdC.vcxproj]

    Предупреждений: 0
    Ошибок: 1

Затраченное время: 00:00:00.23


Compiling the CXX compiler identification source file "CMakeCXXCompilerId.cpp" failed.
Compiler:  
Build flags: 
Id flags:  

The output was:
1
Microsoft (R) Build Engine версии 14.0.25420.1
(C) Корпорация Майкрософт (Microsoft Corporation). Все права защищены.

Сборка начата 22.04.2021 23:33:29.
Проект "C:\Users\zyukov_al\Documents\GitRepos\StudentsStorage\build\CMakeFiles\3.20.1\CompilerIdCXX\CompilerIdCXX.vcxproj" в узле 1 (целевые объекты по умолчанию).
PrepareForBuild:
  Создание каталога "Debug\".
  Создание каталога "Debug\CompilerIdCXX.tlog\".
InitializeBuildStatus:
  Создание "Debug\CompilerIdCXX.tlog\unsuccessfulbuild", так как было задано "AlwaysCreate".
ClCompile:
  CL.exe /c /nologo /W0 /WX- /Od /Oy- /D _MBCS /Gm- /EHsc /RTC1 /MDd /GS /fp:precise /Zc:wchar_t /Zc:forScope /Zc:inline /Fo"Debug\\" /Fd"Debug\vc140.pdb" /Gd /TP /analyze- /errorReport:queue CMakeCXXCompilerId.cpp
TRACKER : error TRK0005: не удалось обнаружить "CL.exe". Не удается найти указанный файл. [C:\Users\zyukov_al\Documents\GitRepos\StudentsStorage\build\CMakeFiles\3.20.1\CompilerIdCXX\CompilerIdCXX.vcxproj]
  
  
Сборка проекта "C:\Users\zyukov_al\Documents\GitRepos\StudentsStorage\build\CMakeFiles\3.20.1\CompilerIdCXX\CompilerIdCXX.vcxproj" завершена (целевые объекты по умолчанию) с ошибкой.

Ошибка сборки.

"C:\Users\zyukov_al\Documents\GitRepos\StudentsStorage\build\CMakeFiles\3.20.1\CompilerIdCXX\CompilerIdCXX.vcxproj" (целевой объект по умолчанию) (1) ->
(Целевой объект ClCompile) -> 
  TRACKER : error TRK0005: не удалось обнаружить "CL.exe". Не удается найти указанный файл. [C:\Users\zyukov_al\Documents\GitRepos\StudentsStorage\build\CMakeFiles\3.20.1\CompilerIdCXX\CompilerIdCXX.vcxproj]

    Предупреждений: 0
    Ошибок: 1

Затраченное время: 00:00:00.22


Compiling the CXX compiler identification source file "CMakeCXXCompilerId.cpp" failed.
Compiler:  
Build flags: 
Id flags:  

The output was:
1
Microsoft (R) Build Engine версии 14.0.25420.1
(C) Корпорация Майкрософт (Microsoft Corporation). Все права защищены.

Сборка начата 22.04.2021 23:33:30.
Проект "C:\Users\zyukov_al\Documents\GitRepos\StudentsStorage\build\CMakeFiles\3.20.1\CompilerIdCXX\CompilerIdCXX.vcxproj" в узле 1 (целевые объекты по умолчанию).
PrepareForBuild:
  Создание каталога "Debug\".
  Создание каталога "Debug\CompilerIdCXX.tlog\".
InitializeBuildStatus:
  Создание "Debug\CompilerIdCXX.tlog\unsuccessfulbuild", так как было задано "AlwaysCreate".
ClCompile:
  CL.exe /c /nologo /W0 /WX- /Od /Oy- /D _MBCS /Gm- /EHsc /RTC1 /MDd /GS /fp:precise /Zc:wchar_t /Zc:forScope /Zc:inline /Fo"Debug\\" /Fd"Debug\vc140.pdb" /Gd /TP /analyze- /errorReport:queue CMakeCXXCompilerId.cpp
TRACKER : error TRK0005: не удалось обнаружить "CL.exe". Не удается найти указанный файл. [C:\Users\zyukov_al\Documents\GitRepos\StudentsStorage\build\CMakeFiles\3.20.1\CompilerIdCXX\CompilerIdCXX.vcxproj]
  
  
Сборка проекта "C:\Users\zyukov_al\Documents\GitRepos\StudentsStorage\build\CMakeFiles\3.20.1\CompilerIdCXX\CompilerIdCXX.vcxproj" завершена (целевые объекты по умолчанию) с ошибкой.

Ошибка сборки.

"C:\Users\zyukov_al\Documents\GitRepos\StudentsStorage\build\CMakeFiles\3.20.1\CompilerIdCXX\CompilerIdCXX.vcxproj" (целевой объект по умолчанию) (1) ->
(Целевой объект ClCompile) -> 
  TRACKER : error TRK0005: не удалось обнаружить "CL.exe". Не удается найти указанный файл. [C:\Users\zyukov_al\Documents\GitRepos\StudentsStorage\build\CMakeFiles\3.20.1\CompilerIdCXX\CompilerIdCXX.vcxproj]

    Предупреждений: 0
    Ошибок: 1

Затраченное время: 00:00:00.22


